Build started 11/27/2011 9:08:50 PM.
     1>Project "C:\Users\WMORRIS\Documents\JUNIOR'S\V_projects\Orbitting_cube\Orbiting_Cube\Orbiting_Cube.vcxproj" on node 2 (build target(s)).
     1>InitializeBuildStatus:
         Creating "Debug\Orbiting_Cube.unsuccessfulbuild" because "AlwaysCreate" was specified.
       ClCompile:
         c:\Program Files\Microsoft Visual Studio 10.0\VC\bin\CL.exe /c /ZI /nologo /W3 /WX- /Od /Oy- /D WIN32 /D _DEBUG /D _CONSOLE /D _UNICODE /D UNICODE /Gm /EHsc /RTC1 /MDd /GS /fp:precise /Zc:wchar_t /Zc:forScope /Fo"Debug\\" /Fd"Debug\vc100.pdb" /Gd /TP /analyze- /errorReport:prompt "..\..\..\..\JUNIOR'S\V_projects\Orbitting_cube\Orbiting_Cube\Orbitting_cube.cpp"
         Orbitting_cube.cpp
     1>c:\users\wmorris\documents\junior's\v_projects\orbitting_cube\orbiting_cube\orbitting_cube.cpp(11): warning C4101: 'x' : unreferenced local variable
       ManifestResourceCompile:
         All outputs are up-to-date.
       Link:
         c:\Program Files\Microsoft Visual Studio 10.0\VC\bin\link.exe /ERRORREPORT:PROMPT /OUT:"C:\Users\WMORRIS\Documents\JUNIOR'S\V_projects\Orbitting_cube\Orbiting_Cube\Debug\Orbiting_Cube.exe" /INCREMENTAL /NOLOGO glew32.lib glut32.lib opengl32.lib kernel32.lib user32.lib gdi32.lib winspool.lib comdlg32.lib advapi32.lib shell32.lib ole32.lib oleaut32.lib uuid.lib odbc32.lib odbccp32.lib /MANIFEST /ManifestFile:"Debug\Orbiting_Cube.exe.intermediate.manifest" /MANIFESTUAC:"level='asInvoker' uiAccess='false'" /DEBUG /PDB:"C:\Users\WMORRIS\Documents\JUNIOR'S\V_projects\Orbitting_cube\Orbiting_Cube\Debug\Orbiting_Cube.pdb" /SUBSYSTEM:CONSOLE /TLBID:1 /DYNAMICBASE /NXCOMPAT /IMPLIB:"C:\Users\WMORRIS\Documents\JUNIOR'S\V_projects\Orbitting_cube\Orbiting_Cube\Debug\Orbiting_Cube.lib" /MACHINE:X86 Debug\Orbiting_Cube.exe.embed.manifest.res
         Debug\InitShader.obj
         Debug\Orbitting_cube.obj
       Manifest:
         C:\Program Files\Microsoft SDKs\Windows\v7.0A\bin\mt.exe /nologo /verbose /out:"Debug\Orbiting_Cube.exe.embed.manifest" /manifest Debug\Orbiting_Cube.exe.intermediate.manifest
         All outputs are up-to-date.
       LinkEmbedManifest:
         All outputs are up-to-date.
         Orbiting_Cube.vcxproj -> C:\Users\WMORRIS\Documents\JUNIOR'S\V_projects\Orbitting_cube\Orbiting_Cube\Debug\Orbiting_Cube.exe
       FinalizeBuildStatus:
         Deleting file "Debug\Orbiting_Cube.unsuccessfulbuild".
         Touching "Debug\Orbiting_Cube.lastbuildstate".
     1>Done Building Project "C:\Users\WMORRIS\Documents\JUNIOR'S\V_projects\Orbitting_cube\Orbiting_Cube\Orbiting_Cube.vcxproj" (build target(s)).

Build succeeded.

Time Elapsed 00:00:02.82
